Start testing: Oct 23 20:55 RTZ 2 (зима)
----------------------------------------------------------
1/2 Testing: Lab1Test
1/2 Test: Lab1Test
Command: "F:/Dokument/program/CPP/OOP/build/lab1/lab1/Debug/lab1.exe"
Directory: F:/Dokument/program/CPP/OOP/build/lab1/lab1
"Lab1Test" start time: Oct 23 20:55 RTZ 2 (зима)
Output:
----------------------------------------------------------
0
<end of output>
Test time =   0.05 sec
----------------------------------------------------------
Test Passed.
"Lab1Test" end time: Oct 23 20:55 RTZ 2 (зима)
"Lab1Test" time elapsed: 00:00:00
----------------------------------------------------------

End testing: Oct 23 20:55 RTZ 2 (зима)
