Start testing: Sep 20 02:45 RTZ 2 (çèìà)
----------------------------------------------------------
1/2 Testing: Lab1Test
1/2 Test: Lab1Test
Command: "F:/Dokument/program/CPP/OOP/build/lab1/Debug/lab1.exe"
Directory: F:/Dokument/program/CPP/OOP/build/lab1
"Lab1Test" start time: Sep 20 02:45 RTZ 2 (çèìà)
Output:
----------------------------------------------------------
0
<end of output>
Test time =   0.01 sec
----------------------------------------------------------
Test Passed.
"Lab1Test" end time: Sep 20 02:45 RTZ 2 (çèìà)
"Lab1Test" time elapsed: 00:00:00
----------------------------------------------------------

End testing: Sep 20 02:45 RTZ 2 (çèìà)
