Start testing: Nov 12 10:41 RTZ 2 (зима)
----------------------------------------------------------
3/3 Testing: Lab3Test
3/3 Test: Lab3Test
Command: "F:/Dokument/program/CPP/OOP/build/lab3/Debug/lab3.exe"
Directory: F:/Dokument/program/CPP/OOP/build/lab3
"Lab3Test" start time: Nov 12 10:41 RTZ 2 (зима)
Output:
----------------------------------------------------------
<end of output>
Test time =   0.06 sec
----------------------------------------------------------
Test Passed.
"Lab3Test" end time: Nov 12 10:41 RTZ 2 (зима)
"Lab3Test" time elapsed: 00:00:00
----------------------------------------------------------

End testing: Nov 12 10:41 RTZ 2 (зима)
