<?xml version="1.0" encoding="UTF-8"?>
<Site BuildName="(empty)"
	BuildStamp="20241023-1755-Experimental"
	Name="(empty)"
	Generator="ctest-3.30.3"
	CompilerName=""
	CompilerVersion=""
	OSName="Windows"
	Hostname="Andrew-comp"
	OSRelease=" Professional"
	OSVersion=" (Build 22631)"
	OSPlatform="AMD64"
	Is64Bits="1"
	VendorString="GenuineIntel"
	VendorID="Intel Corporation"
	FamilyID="6"
	ModelID="7"
	ProcessorCacheSize="-1"
	NumberOfLogicalCPU="12"
	NumberOfPhysicalCPU="6"
	TotalVirtualMemory="32604"
	TotalPhysicalMemory="16220"
	LogicalProcessorsPerPhysical="2"
	ProcessorClockFrequency="2496"
	>
	<Testing>
		<StartDateTime>Oct 23 20:55 RTZ 2 (зима)</StartDateTime>
		<StartTestTime>1729706127</StartTestTime>
		<TestList>
			<Test>./lab1/Lab1Test</Test>
		</TestList>
		<Test Status="passed">
			<Name>Lab1Test</Name>
			<Path>./lab1</Path>
			<FullName>./lab1/Lab1Test</FullName>
			<FullCommandLine>F:\Dokument\program\CPP\OOP\build\lab1\lab1\Debug\lab1.exe</FullCommandLine>
			<Results>
				<NamedMeasurement type="numeric/double" name="Execution Time">
					<Value>0.0519248</Value>
				</NamedMeasurement>
				<NamedMeasurement type="numeric/double" name="Processors">
					<Value>1</Value>
				</NamedMeasurement>
				<NamedMeasurement type="text/string" name="Completion Status">
					<Value>Completed</Value>
				</NamedMeasurement>
				<NamedMeasurement type="text/string" name="Command Line">
					<Value>F:\Dokument\program\CPP\OOP\build\lab1\lab1\Debug\lab1.exe</Value>
				</NamedMeasurement>
				<NamedMeasurement type="text/string" name="Environment">
					<Value>#CTEST_RESOURCE_GROUP_COUNT=</Value>
				</NamedMeasurement>
				<Measurement>
					<Value>0
</Value>
				</Measurement>
			</Results>
		</Test>
		<EndDateTime>Oct 23 20:55 RTZ 2 (зима)</EndDateTime>
		<EndTestTime>1729706127</EndTestTime>
		<ElapsedMinutes>0</ElapsedMinutes>
	</Testing>
</Site>
