<?xml version="1.0" encoding="UTF-8"?>
<Site BuildName="(empty)"
	BuildStamp="20241211-1249-Experimental"
	Name="(empty)"
	Generator="ctest-3.30.3"
	CompilerName=""
	CompilerVersion=""
	OSName="Windows"
	Hostname="Andrew-comp"
	OSRelease=" Professional"
	OSVersion=" (Build 26100)"
	OSPlatform="AMD64"
	Is64Bits="1"
	VendorString="GenuineIntel"
	VendorID="Intel Corporation"
	FamilyID="6"
	ModelID="7"
	ProcessorCacheSize="-1"
	NumberOfLogicalCPU="12"
	NumberOfPhysicalCPU="6"
	TotalVirtualMemory="20572"
	TotalPhysicalMemory="16220"
	LogicalProcessorsPerPhysical="2"
	ProcessorClockFrequency="2496"
	>
	<Testing>
		<StartDateTime>Dec 11 17:00 RTZ 2 (зима)</StartDateTime>
		<StartTestTime>1733925616</StartTestTime>
		<TestList/>
		<EndDateTime>Dec 11 17:00 RTZ 2 (зима)</EndDateTime>
		<EndTestTime>1733925616</EndTestTime>
		<ElapsedMinutes>0</ElapsedMinutes>
	</Testing>
</Site>
