<?xml version="1.0" encoding="UTF-8"?>
<Site BuildName="(empty)"
	BuildStamp="20241212-0846-Experimental"
	Name="(empty)"
	Generator="ctest-3.30.3"
	CompilerName=""
	CompilerVersion=""
	OSName="Windows"
	Hostname="Andrew-comp"
	OSRelease=" Professional"
	OSVersion=" (Build 26100)"
	OSPlatform="AMD64"
	Is64Bits="1"
	VendorString="GenuineIntel"
	VendorID="Intel Corporation"
	FamilyID="6"
	ModelID="7"
	ProcessorCacheSize="-1"
	NumberOfLogicalCPU="12"
	NumberOfPhysicalCPU="6"
	TotalVirtualMemory="21084"
	TotalPhysicalMemory="16220"
	LogicalProcessorsPerPhysical="2"
	ProcessorClockFrequency="2496"
	>
	<Testing>
		<StartDateTime>Dec 12 20:01 RTZ 2 (зима)</StartDateTime>
		<StartTestTime>1734022861</StartTestTime>
		<TestList>
			<Test>./lab6/Lab6Test</Test>
		</TestList>
		<Test Status="passed">
			<Name>Lab6Test</Name>
			<Path>./lab6</Path>
			<FullName>./lab6/Lab6Test</FullName>
			<FullCommandLine>F:\Dokument\program\CPP\OOP\build\lab6\Debug\lab6_test.exe</FullCommandLine>
			<Results>
				<NamedMeasurement type="numeric/double" name="Execution Time">
					<Value>0.050688</Value>
				</NamedMeasurement>
				<NamedMeasurement type="numeric/double" name="Processors">
					<Value>1</Value>
				</NamedMeasurement>
				<NamedMeasurement type="text/string" name="Completion Status">
					<Value>Completed</Value>
				</NamedMeasurement>
				<NamedMeasurement type="text/string" name="Command Line">
					<Value>F:\Dokument\program\CPP\OOP\build\lab6\Debug\lab6_test.exe</Value>
				</NamedMeasurement>
				<NamedMeasurement type="text/string" name="Environment">
					<Value>#CTEST_RESOURCE_GROUP_COUNT=</Value>
				</NamedMeasurement>
				<Measurement>
					<Value encoding="base64" compression="gzip">eJyNk7FOwzAQhnc/xbGlQyKibkgMbUkZgLZqgSXqYBoTRUps5DhFbKg8AG/AMxREJVTxEM4bcU2qqE2T0Bts2ff9vvMv2z0vYgrjhPOA+9AGxWIVw6MU0XYBcRLgbBHXLGIKl6F4oGEOMD4PpOAR4wgzZSZPJdjOuezQwajXpzMl5Mst7hEXxncDyGJaylk9yahiuIlUHsOrBgqMU4ji1rGlcxyUUDRskXpVlyoVsvsgDlB52PNB2nK4T31GnDn6cQb6I33VaxjKmQ16mS70Uq/TN71KF9BlVGaDfUKqcMQ+9Y/+QskG1796pb9xiWP6Xgj3vKnr5l9vDoTH2tMPQnZDOdaoMKeUtCZ0zjrcuxbU2++7AQTDbm69pM356sbrXq1CL01PPHPi7v6K+t8AknILjPZOJbzPqDOZOBebi2+VFvkDvc8fWA==</Value>
				</Measurement>
			</Results>
		</Test>
		<EndDateTime>Dec 12 20:01 RTZ 2 (зима)</EndDateTime>
		<EndTestTime>1734022861</EndTestTime>
		<ElapsedMinutes>0</ElapsedMinutes>
	</Testing>
</Site>
